# JRE version: Java(TM) SE Runtime Environment 18.9 (11.0.17+10) (build 11.0.17+10-LTS-269)
# Java VM: Java HotSpot(TM) 64-Bit Server VM 18.9 (11.0.17+10-LTS-269, mixed mode, tiered, compressed oops, g1 gc, linux-amd64)
Heap:
 garbage-first heap   total 150528K, used 103786K [0x0000000087c00000, 0x0000000100000000)
  region size 1024K, 43 young (44032K), 1 survivors (1024K)
 Metaspace       used 72029K, capacity 74057K, committed 74240K, reserved 1114112K
  class space    used 8644K, capacity 9530K, committed 9656K, reserved 1048576K
GC Heap History (10 events):
Event: 181.846 GC heap before
{Heap before GC invocations=15 (full 0):
 garbage-first heap   total 150528K, used 118784K [0x0000000087c00000, 0x0000000100000000)
  region size 1024K, 55 young (56320K), 4 survivors (4096K)
 Metaspace       used 54555K, capacity 56331K, committed 56624K, reserved 1097728K
  class space    used 6687K, capacity 7448K, committed 7552K, reserved 1048576K
}
Event: 181.869 GC heap after
{Heap after GC invocations=16 (full 0):
 garbage-first heap   total 150528K, used 70176K [0x0000000087c00000, 0x0000000100000000)
  region size 1024K, 4 young (4096K), 4 survivors (4096K)
 Metaspace       used 54555K, capacity 56331K, committed 56624K, reserved 1097728K
  class space    used 6687K, capacity 7448K, committed 7552K, reserved 1048576K
}
Event: 182.163 GC heap before
{Heap before GC invocations=16 (full 0):
 garbage-first heap   total 150528K, used 84512K [0x0000000087c00000, 0x0000000100000000)
  region size 1024K, 19 young (19456K), 4 survivors (4096K)
 Metaspace       used 58287K, capacity 60019K, committed 60208K, reserved 1101824K
  class space    used 7038K, capacity 7802K, committed 7808K, reserved 1048576K
}
Event: 182.169 GC heap after
{Heap after GC invocations=17 (full 0):
 garbage-first heap   total 150528K, used 71359K [0x0000000087c00000, 0x0000000100000000)
  region size 1024K, 1 young (1024K), 1 survivors (1024K)
 Metaspace       used 58287K, capacity 60019K, committed 60208K, reserved 1101824K
  class space    used 7038K, capacity 7802K, committed 7808K, reserved 1048576K
}
Event: 183.847 GC heap before
{Heap before GC invocations=18 (full 0):
 garbage-first heap   total 150528K, used 107199K [0x0000000087c00000, 0x0000000100000000)
  region size 1024K, 38 young (38912K), 1 survivors (1024K)
 Metaspace       used 70216K, capacity 72285K, committed 72576K, reserved 1112064K
  class space    used 8499K, capacity 9389K, committed 9528K, reserved 1048576K
}
Event: 183.879 GC heap after
{Heap after GC invocations=19 (full 0):
 garbage-first heap   total 150528K, used 75776K [0x0000000087c00000, 0x0000000100000000)
  region size 1024K, 5 young (5120K), 5 survivors (5120K)
 Metaspace       used 70216K, capacity 72285K, committed 72576K, reserved 1112064K
  class space    used 8499K, capacity 9389K, committed 9528K, reserved 1048576K
}
Event: 183.951 GC heap before
{Heap before GC invocations=19 (full 0):
 garbage-first heap   total 150528K, used 77824K [0x0000000087c00000, 0x0000000100000000)
  region size 1024K, 7 young (7168K), 5 survivors (5120K)
 Metaspace       used 70795K, capacity 72797K, committed 73088K, reserved 1114112K
  class space    used 8556K, capacity 9453K, committed 9528K, reserved 1048576K
}
Event: 183.969 GC heap after
{Heap after GC invocations=20 (full 0):
 garbage-first heap   total 150528K, used 63193K [0x0000000087c00000, 0x0000000100000000)
  region size 1024K, 1 young (1024K), 1 survivors (1024K)
 Metaspace       used 70795K, capacity 72797K, committed 73088K, reserved 1114112K
  class space    used 8556K, capacity 9453K, committed 9528K, reserved 1048576K
}
Event: 202.355 GC heap before
{Heap before GC invocations=20 (full 0):
 garbage-first heap   total 150528K, used 69337K [0x0000000087c00000, 0x0000000100000000)
  region size 1024K, 7 young (7168K), 1 survivors (1024K)
 Metaspace       used 71921K, capacity 73928K, committed 74240K, reserved 1114112K
  class space    used 8643K, capacity 9530K, committed 9656K, reserved 1048576K
}
Event: 202.362 GC heap after
{Heap after GC invocations=21 (full 0):
 garbage-first heap   total 150528K, used 61802K [0x0000000087c00000, 0x0000000100000000)
  region size 1024K, 1 young (1024K), 1 survivors (1024K)
 Metaspace       used 71921K, capacity 73928K, committed 74240K, reserved 1114112K
  class space    used 8643K, capacity 9530K, committed 9656K, reserved 1048576K
}

